Flow report for top
Mon Sep 17 22:58:43 2012
Quartus II 32-bit Version 12.0 Build 178 05/31/2012 SJ Web Edition


---------------------
; Table of Contents ;
---------------------
  1. Legal Notice
  2. Flow Summary
  3. Flow Settings
  4. Flow Non-Default Global Settings
  5. Flow Elapsed Time
  6. Flow OS Summary
  7. Flow Log



----------------
; Legal Notice ;
----------------
Copyright (C) 1991-2012 Altera Corporation
Your use of Altera Corporation's design tools, logic functions 
and other software and tools, and its AMPP partner logic 
functions, and any output files from any of the foregoing 
(including device programming or simulation files), and any 
associated documentation or information are expressly subject 
to the terms and conditions of the Altera Program License 
Subscription Agreement, Altera MegaCore Function License 
Agreement, or other applicable license agreement, including, 
without limitation, that your use is for the sole purpose of 
programming logic devices manufactured by Altera and sold by 
Altera or its authorized distributors.  Please refer to the 
applicable agreement for further details.



+-------------------------------------------------------------------------------+
; Flow Summary                                                                  ;
+------------------------------------+------------------------------------------+
; Flow Status                        ; Successful - Mon Sep 17 22:58:43 2012    ;
; Quartus II 32-bit Version          ; 12.0 Build 178 05/31/2012 SJ Web Edition ;
; Revision Name                      ; top                                      ;
; Top-level Entity Name              ; top                                      ;
; Family                             ; Cyclone II                               ;
; Device                             ; EP2C20F484C7                             ;
; Timing Models                      ; Final                                    ;
; Total logic elements               ; 5 / 18,752 ( < 1 % )                     ;
;     Total combinational functions  ; 4 / 18,752 ( < 1 % )                     ;
;     Dedicated logic registers      ; 4 / 18,752 ( < 1 % )                     ;
; Total registers                    ; 4                                        ;
; Total pins                         ; 4 / 315 ( 1 % )                          ;
; Total virtual pins                 ; 0                                        ;
; Total memory bits                  ; 0 / 239,616 ( 0 % )                      ;
; Embedded Multiplier 9-bit elements ; 0 / 52 ( 0 % )                           ;
; Total PLLs                         ; 0 / 4 ( 0 % )                            ;
+------------------------------------+------------------------------------------+


+-----------------------------------------+
; Flow Settings                           ;
+-------------------+---------------------+
; Option            ; Setting             ;
+-------------------+---------------------+
; Start date & time ; 09/17/2012 22:58:02 ;
; Main task         ; Compilation         ;
; Revision Name     ; top                 ;
+-------------------+---------------------+


+--------------------------------------------------------------------------------------------------------------------+
; Flow Non-Default Global Settings                                                                                   ;
+--------------------------------------+------------------------------+---------------+-------------+----------------+
; Assignment Name                      ; Value                        ; Default Value ; Entity Name ; Section Id     ;
+--------------------------------------+------------------------------+---------------+-------------+----------------+
; COMPILER_SIGNATURE_ID                ; 143966341241.134793708205650 ; --            ; --          ; --             ;
; EDA_DESIGN_INSTANCE_NAME             ; NA                           ; --            ; --          ; shift_reg_tb   ;
; EDA_NATIVELINK_SIMULATION_TEST_BENCH ; shift_reg_tb                 ; --            ; --          ; eda_simulation ;
; EDA_OUTPUT_DATA_FORMAT               ; Verilog Hdl                  ; --            ; --          ; eda_simulation ;
; EDA_SIMULATION_TOOL                  ; ModelSim-Altera (Verilog)    ; <None>        ; --          ; --             ;
; EDA_TEST_BENCH_ENABLE_STATUS         ; TEST_BENCH_MODE              ; --            ; --          ; eda_simulation ;
; EDA_TEST_BENCH_FILE                  ; shift_reg_tb.v               ; --            ; --          ; shift_reg_tb   ;
; EDA_TEST_BENCH_MODULE_NAME           ; shift_reg_tb                 ; --            ; --          ; shift_reg_tb   ;
; EDA_TEST_BENCH_NAME                  ; shift_reg_tb                 ; --            ; --          ; eda_simulation ;
; EDA_TIME_SCALE                       ; 1 ps                         ; --            ; --          ; eda_simulation ;
; MAX_CORE_JUNCTION_TEMP               ; 85                           ; --            ; --          ; --             ;
; MIN_CORE_JUNCTION_TEMP               ; 0                            ; --            ; --          ; --             ;
; PARTITION_COLOR                      ; 16764057                     ; --            ; --          ; Top            ;
; PARTITION_FITTER_PRESERVATION_LEVEL  ; PLACEMENT_AND_ROUTING        ; --            ; --          ; Top            ;
; PARTITION_NETLIST_TYPE               ; SOURCE                       ; --            ; --          ; Top            ;
+--------------------------------------+------------------------------+---------------+-------------+----------------+


+-------------------------------------------------------------------------------------------------------------------------------+
; Flow Elapsed Time                                                                                                             ;
+---------------------------+--------------+-------------------------+---------------------+------------------------------------+
; Module Name               ; Elapsed Time ; Average Processors Used ; Peak Virtual Memory ; Total CPU Time (on all processors) ;
+---------------------------+--------------+-------------------------+---------------------+------------------------------------+
; Analysis & Synthesis      ; 00:00:03     ; 1.0                     ; --                  ; 00:00:02                           ;
; Fitter                    ; 00:00:12     ; 1.0                     ; --                  ; 00:00:09                           ;
; TimeQuest Timing Analyzer ; 00:00:03     ; 1.0                     ; --                  ; 00:00:02                           ;
; Assembler                 ; 00:00:04     ; 1.0                     ; --                  ; 00:00:03                           ;
; EDA Netlist Writer        ; 00:00:01     ; 1.0                     ; --                  ; 00:00:01                           ;
; Total                     ; 00:00:23     ; --                      ; --                  ; 00:00:17                           ;
+---------------------------+--------------+-------------------------+---------------------+------------------------------------+


+--------------------------------------------------------------------------------------+
; Flow OS Summary                                                                      ;
+---------------------------+------------------+---------+------------+----------------+
; Module Name               ; Machine Hostname ; OS Name ; OS Version ; Processor type ;
+---------------------------+------------------+---------+------------+----------------+
; Analysis & Synthesis      ; user             ; This is ; This is    ; x86_64         ;
; Fitter                    ; user             ; This is ; This is    ; x86_64         ;
; TimeQuest Timing Analyzer ; user             ; This is ; This is    ; x86_64         ;
; Assembler                 ; user             ; This is ; This is    ; x86_64         ;
; EDA Netlist Writer        ; user             ; This is ; This is    ; x86_64         ;
+---------------------------+------------------+---------+------------+----------------+


------------
; Flow Log ;
------------
quartus_map --read_settings_files=on --write_settings_files=off shift_register -c top
quartus_fit --read_settings_files=off --write_settings_files=off shift_register -c top
quartus_sta shift_register -c top
quartus_asm --read_settings_files=off --write_settings_files=off shift_register -c top
quartus_eda --read_settings_files=off --write_settings_files=off shift_register -c top



